<?xml version="1.0" encoding="UTF-8"?>
<!-- Generated by org.testng.reporters.JUnitReportReporter -->
<testsuite skipped="0" hostname="Krishna-Lenovo" name="selenium.testNG.ExcelData" tests="2" failures="0" timestamp="05 Aug 2017 07:05:10 GMT" time="1.124" errors="0">
  <testcase name="ReadData" time="0.906" classname="selenium.testNG.ExcelData"/>
  <testcase name="WriteData" time="0.218" classname="selenium.testNG.ExcelData"/>
</testsuite> <!-- selenium.testNG.ExcelData -->
