<?xml version="1.0" encoding="UTF-8"?>
<!-- Generated by org.testng.reporters.JUnitReportReporter -->
<testsuite skipped="0" hostname="Krishna-Lenovo" name="selenium.testNG.TestNG_ParallelTesting" tests="3" failures="0" timestamp="02 Aug 2017 10:20:34 GMT" time="15.815" errors="0">
  <testcase name="OpenFacebook" time="5.996" classname="selenium.testNG.TestNG_ParallelTesting"/>
  <testcase name="OpenFacebook" time="4.811" classname="selenium.testNG.TestNG_ParallelTesting"/>
  <testcase name="OpenFacebook" time="5.008" classname="selenium.testNG.TestNG_ParallelTesting"/>
</testsuite> <!-- selenium.testNG.TestNG_ParallelTesting -->
