<?xml version="1.0" encoding="UTF-8"?>
<!-- Generated by org.testng.reporters.JUnitReportReporter -->
<testsuite skipped="1" hostname="Krishna-Lenovo" name="selenium.testNG.TestNG_Annotations" tests="2" failures="0" timestamp="02 Aug 2017 05:51:09 GMT" time="0.015" errors="0">
  <testcase name="abc" time="0.015" classname="selenium.testNG.TestNG_Annotations"/>
  <testcase name="ghi" classname="selenium.testNG.TestNG_Annotations">
    <skipped/>
  </testcase> <!-- ghi -->
</testsuite> <!-- selenium.testNG.TestNG_Annotations -->
