<?xml version="1.0" encoding="UTF-8"?>
<!-- Generated by org.testng.reporters.JUnitReportReporter -->
<testsuite skipped="0" hostname="Krishna-Lenovo" name="selenium.testNG.FileUploadUsingAutoIT" tests="1" failures="0" timestamp="02 Aug 2017 12:17:55 GMT" time="31.817" errors="0">
  <testcase name="Fileuploader" time="31.817" classname="selenium.testNG.FileUploadUsingAutoIT"/>
</testsuite> <!-- selenium.testNG.FileUploadUsingAutoIT -->
