<?xml version="1.0" encoding="UTF-8"?>
<!-- Generated by org.testng.reporters.JUnitReportReporter -->
<testsuite skipped="0" hostname="Krishna-Lenovo" name="selenium.testNG.TestNG_DataProvider" tests="3" failures="0" timestamp="02 Aug 2017 05:51:09 GMT" time="0.009" errors="0">
  <testcase name="WriteData" time="0.002" classname="selenium.testNG.TestNG_DataProvider"/>
  <testcase name="WriteData" time="0.002" classname="selenium.testNG.TestNG_DataProvider"/>
  <testcase name="WriteData" time="0.005" classname="selenium.testNG.TestNG_DataProvider"/>
</testsuite> <!-- selenium.testNG.TestNG_DataProvider -->
